<?xml version="1.0" encoding="UTF-8"?>
<testng-results skipped="3" failed="0" ignored="0" total="6" passed="3">
  <reporter-output>
  </reporter-output>
  <suite name="Suite" duration-ms="12389" started-at="2018-11-23T05:54:49Z" finished-at="2018-11-23T05:55:01Z">
    <groups>
    </groups>
    <test name="Test" duration-ms="12389" started-at="2018-11-23T05:54:49Z" finished-at="2018-11-23T05:55:01Z">
      <class name="com.testCases.Test456">
        <test-method status="SKIP" signature="bmethod()[pri:0, instance:com.testCases.Test456@523884b2]" name="bmethod" is-config="true" duration-ms="1" started-at="2018-11-23T05:55:01Z" finished-at="2018-11-23T05:55:01Z">
          <exception class="org.testng.SkipException">
            <message>
              <![CDATA[This testcase  is not set for execution]]>
            </message>
            <full-stacktrace>
              <![CDATA[org.testng.SkipException: This testcase  is not set for execution
at com.testCases.Test456.bmethod(Test456.java:16)
at sun.reflect.NativeMethodAccessorImpl.invoke0(Native Method)
at sun.reflect.NativeMethodAccessorImpl.invoke(Unknown Source)
at sun.reflect.DelegatingMethodAccessorImpl.invoke(Unknown Source)
at java.lang.reflect.Method.invoke(Unknown Source)
at org.testng.internal.MethodInvocationHelper.invokeMethod(MethodInvocationHelper.java:124)
at org.testng.internal.MethodInvocationHelper.invokeMethodConsideringTimeout(MethodInvocationHelper.java:59)
at org.testng.internal.Invoker.invokeConfigurationMethod(Invoker.java:455)
at org.testng.internal.Invoker.invokeConfigurations(Invoker.java:222)
at org.testng.internal.Invoker.invokeMethod(Invoker.java:520)
at org.testng.internal.Invoker.invokeTestMethod(Invoker.java:716)
at org.testng.internal.Invoker.invokeTestMethods(Invoker.java:988)
at org.testng.internal.TestMethodWorker.invokeTestMethods(TestMethodWorker.java:125)
at org.testng.internal.TestMethodWorker.run(TestMethodWorker.java:109)
at org.testng.TestRunner.privateRun(TestRunner.java:648)
at org.testng.TestRunner.run(TestRunner.java:505)
at org.testng.SuiteRunner.runTest(SuiteRunner.java:455)
at org.testng.SuiteRunner.runSequentially(SuiteRunner.java:450)
at org.testng.SuiteRunner.privateRun(SuiteRunner.java:415)
at org.testng.SuiteRunner.run(SuiteRunner.java:364)
at org.testng.SuiteRunnerWorker.runSuite(SuiteRunnerWorker.java:52)
at org.testng.SuiteRunnerWorker.run(SuiteRunnerWorker.java:84)
at org.testng.TestNG.runSuitesSequentially(TestNG.java:1208)
at org.testng.TestNG.runSuitesLocally(TestNG.java:1137)
at org.testng.TestNG.runSuites(TestNG.java:1049)
at org.testng.TestNG.run(TestNG.java:1017)
at org.testng.remote.AbstractRemoteTestNG.run(AbstractRemoteTestNG.java:114)
at org.testng.remote.RemoteTestNG.initAndRun(RemoteTestNG.java:251)
at org.testng.remote.RemoteTestNG.main(RemoteTestNG.java:77)
]]>
            </full-stacktrace>
          </exception> <!-- org.testng.SkipException -->
          <reporter-output>
          </reporter-output>
        </test-method> <!-- bmethod -->
        <test-method status="SKIP" signature="testcase456(java.lang.String, java.lang.String, java.lang.String, java.lang.String)[pri:0, instance:com.testCases.Test456@523884b2]" name="testcase456" duration-ms="0" started-at="2018-11-23T05:55:01Z" data-provider="getdata" finished-at="2018-11-23T05:55:01Z">
          <exception class="org.testng.SkipException">
            <message>
              <![CDATA[This testcase  is not set for execution]]>
            </message>
            <full-stacktrace>
              <![CDATA[org.testng.SkipException: This testcase  is not set for execution
at com.testCases.Test456.bmethod(Test456.java:16)
at sun.reflect.NativeMethodAccessorImpl.invoke0(Native Method)
at sun.reflect.NativeMethodAccessorImpl.invoke(Unknown Source)
at sun.reflect.DelegatingMethodAccessorImpl.invoke(Unknown Source)
at java.lang.reflect.Method.invoke(Unknown Source)
at org.testng.internal.MethodInvocationHelper.invokeMethod(MethodInvocationHelper.java:124)
at org.testng.internal.MethodInvocationHelper.invokeMethodConsideringTimeout(MethodInvocationHelper.java:59)
at org.testng.internal.Invoker.invokeConfigurationMethod(Invoker.java:455)
at org.testng.internal.Invoker.invokeConfigurations(Invoker.java:222)
at org.testng.internal.Invoker.invokeMethod(Invoker.java:520)
at org.testng.internal.Invoker.invokeTestMethod(Invoker.java:716)
at org.testng.internal.Invoker.invokeTestMethods(Invoker.java:988)
at org.testng.internal.TestMethodWorker.invokeTestMethods(TestMethodWorker.java:125)
at org.testng.internal.TestMethodWorker.run(TestMethodWorker.java:109)
at org.testng.TestRunner.privateRun(TestRunner.java:648)
at org.testng.TestRunner.run(TestRunner.java:505)
at org.testng.SuiteRunner.runTest(SuiteRunner.java:455)
at org.testng.SuiteRunner.runSequentially(SuiteRunner.java:450)
at org.testng.SuiteRunner.privateRun(SuiteRunner.java:415)
at org.testng.SuiteRunner.run(SuiteRunner.java:364)
at org.testng.SuiteRunnerWorker.runSuite(SuiteRunnerWorker.java:52)
at org.testng.SuiteRunnerWorker.run(SuiteRunnerWorker.java:84)
at org.testng.TestNG.runSuitesSequentially(TestNG.java:1208)
at org.testng.TestNG.runSuitesLocally(TestNG.java:1137)
at org.testng.TestNG.runSuites(TestNG.java:1049)
at org.testng.TestNG.run(TestNG.java:1017)
at org.testng.remote.AbstractRemoteTestNG.run(AbstractRemoteTestNG.java:114)
at org.testng.remote.RemoteTestNG.initAndRun(RemoteTestNG.java:251)
at org.testng.remote.RemoteTestNG.main(RemoteTestNG.java:77)
]]>
            </full-stacktrace>
          </exception> <!-- org.testng.SkipException -->
          <reporter-output>
          </reporter-output>
        </test-method> <!-- testcase456 -->
        <test-method status="SKIP" signature="bmethod()[pri:0, instance:com.testCases.Test456@523884b2]" name="bmethod" is-config="true" duration-ms="0" started-at="2018-11-23T05:55:01Z" finished-at="2018-11-23T05:55:01Z">
          <reporter-output>
          </reporter-output>
        </test-method> <!-- bmethod -->
        <test-method status="SKIP" signature="testcase456(java.lang.String, java.lang.String, java.lang.String, java.lang.String)[pri:0, instance:com.testCases.Test456@523884b2]" name="testcase456" duration-ms="0" started-at="2018-11-23T05:55:01Z" data-provider="getdata" finished-at="2018-11-23T05:55:01Z">
          <exception class="org.testng.SkipException">
            <message>
              <![CDATA[This testcase  is not set for execution]]>
            </message>
            <full-stacktrace>
              <![CDATA[org.testng.SkipException: This testcase  is not set for execution
at com.testCases.Test456.bmethod(Test456.java:16)
at sun.reflect.NativeMethodAccessorImpl.invoke0(Native Method)
at sun.reflect.NativeMethodAccessorImpl.invoke(Unknown Source)
at sun.reflect.DelegatingMethodAccessorImpl.invoke(Unknown Source)
at java.lang.reflect.Method.invoke(Unknown Source)
at org.testng.internal.MethodInvocationHelper.invokeMethod(MethodInvocationHelper.java:124)
at org.testng.internal.MethodInvocationHelper.invokeMethodConsideringTimeout(MethodInvocationHelper.java:59)
at org.testng.internal.Invoker.invokeConfigurationMethod(Invoker.java:455)
at org.testng.internal.Invoker.invokeConfigurations(Invoker.java:222)
at org.testng.internal.Invoker.invokeMethod(Invoker.java:520)
at org.testng.internal.Invoker.invokeTestMethod(Invoker.java:716)
at org.testng.internal.Invoker.invokeTestMethods(Invoker.java:988)
at org.testng.internal.TestMethodWorker.invokeTestMethods(TestMethodWorker.java:125)
at org.testng.internal.TestMethodWorker.run(TestMethodWorker.java:109)
at org.testng.TestRunner.privateRun(TestRunner.java:648)
at org.testng.TestRunner.run(TestRunner.java:505)
at org.testng.SuiteRunner.runTest(SuiteRunner.java:455)
at org.testng.SuiteRunner.runSequentially(SuiteRunner.java:450)
at org.testng.SuiteRunner.privateRun(SuiteRunner.java:415)
at org.testng.SuiteRunner.run(SuiteRunner.java:364)
at org.testng.SuiteRunnerWorker.runSuite(SuiteRunnerWorker.java:52)
at org.testng.SuiteRunnerWorker.run(SuiteRunnerWorker.java:84)
at org.testng.TestNG.runSuitesSequentially(TestNG.java:1208)
at org.testng.TestNG.runSuitesLocally(TestNG.java:1137)
at org.testng.TestNG.runSuites(TestNG.java:1049)
at org.testng.TestNG.run(TestNG.java:1017)
at org.testng.remote.AbstractRemoteTestNG.run(AbstractRemoteTestNG.java:114)
at org.testng.remote.RemoteTestNG.initAndRun(RemoteTestNG.java:251)
at org.testng.remote.RemoteTestNG.main(RemoteTestNG.java:77)
]]>
            </full-stacktrace>
          </exception> <!-- org.testng.SkipException -->
          <reporter-output>
          </reporter-output>
        </test-method> <!-- testcase456 -->
        <test-method status="SKIP" signature="bmethod()[pri:0, instance:com.testCases.Test456@523884b2]" name="bmethod" is-config="true" duration-ms="0" started-at="2018-11-23T05:55:01Z" finished-at="2018-11-23T05:55:01Z">
          <reporter-output>
          </reporter-output>
        </test-method> <!-- bmethod -->
        <test-method status="SKIP" signature="testcase456(java.lang.String, java.lang.String, java.lang.String, java.lang.String)[pri:0, instance:com.testCases.Test456@523884b2]" name="testcase456" duration-ms="0" started-at="2018-11-23T05:55:01Z" data-provider="getdata" finished-at="2018-11-23T05:55:01Z">
          <exception class="org.testng.SkipException">
            <message>
              <![CDATA[This testcase  is not set for execution]]>
            </message>
            <full-stacktrace>
              <![CDATA[org.testng.SkipException: This testcase  is not set for execution
at com.testCases.Test456.bmethod(Test456.java:16)
at sun.reflect.NativeMethodAccessorImpl.invoke0(Native Method)
at sun.reflect.NativeMethodAccessorImpl.invoke(Unknown Source)
at sun.reflect.DelegatingMethodAccessorImpl.invoke(Unknown Source)
at java.lang.reflect.Method.invoke(Unknown Source)
at org.testng.internal.MethodInvocationHelper.invokeMethod(MethodInvocationHelper.java:124)
at org.testng.internal.MethodInvocationHelper.invokeMethodConsideringTimeout(MethodInvocationHelper.java:59)
at org.testng.internal.Invoker.invokeConfigurationMethod(Invoker.java:455)
at org.testng.internal.Invoker.invokeConfigurations(Invoker.java:222)
at org.testng.internal.Invoker.invokeMethod(Invoker.java:520)
at org.testng.internal.Invoker.invokeTestMethod(Invoker.java:716)
at org.testng.internal.Invoker.invokeTestMethods(Invoker.java:988)
at org.testng.internal.TestMethodWorker.invokeTestMethods(TestMethodWorker.java:125)
at org.testng.internal.TestMethodWorker.run(TestMethodWorker.java:109)
at org.testng.TestRunner.privateRun(TestRunner.java:648)
at org.testng.TestRunner.run(TestRunner.java:505)
at org.testng.SuiteRunner.runTest(SuiteRunner.java:455)
at org.testng.SuiteRunner.runSequentially(SuiteRunner.java:450)
at org.testng.SuiteRunner.privateRun(SuiteRunner.java:415)
at org.testng.SuiteRunner.run(SuiteRunner.java:364)
at org.testng.SuiteRunnerWorker.runSuite(SuiteRunnerWorker.java:52)
at org.testng.SuiteRunnerWorker.run(SuiteRunnerWorker.java:84)
at org.testng.TestNG.runSuitesSequentially(TestNG.java:1208)
at org.testng.TestNG.runSuitesLocally(TestNG.java:1137)
at org.testng.TestNG.runSuites(TestNG.java:1049)
at org.testng.TestNG.run(TestNG.java:1017)
at org.testng.remote.AbstractRemoteTestNG.run(AbstractRemoteTestNG.java:114)
at org.testng.remote.RemoteTestNG.initAndRun(RemoteTestNG.java:251)
at org.testng.remote.RemoteTestNG.main(RemoteTestNG.java:77)
]]>
            </full-stacktrace>
          </exception> <!-- org.testng.SkipException -->
          <reporter-output>
          </reporter-output>
        </test-method> <!-- testcase456 -->
      </class> <!-- com.testCases.Test456 -->
      <class name="com.testCases.OpenAndCloseBrowser">
        <test-method status="PASS" signature="bsuite()[pri:0, instance:com.testCases.OpenAndCloseBrowser@28d25987]" name="bsuite" is-config="true" duration-ms="8084" started-at="2018-11-23T05:54:40Z" finished-at="2018-11-23T05:54:49Z">
          <reporter-output>
          </reporter-output>
        </test-method> <!-- bsuite -->
        <test-method status="PASS" signature="asuite()[pri:0, instance:com.testCases.OpenAndCloseBrowser@28d25987]" name="asuite" is-config="true" duration-ms="709" started-at="2018-11-23T05:55:01Z" finished-at="2018-11-23T05:55:02Z">
          <reporter-output>
          </reporter-output>
        </test-method> <!-- asuite -->
      </class> <!-- com.testCases.OpenAndCloseBrowser -->
      <class name="com.testCases.Test123">
        <test-method status="PASS" signature="bmethod()[pri:0, instance:com.testCases.Test123@4501b7af]" name="bmethod" is-config="true" duration-ms="1" started-at="2018-11-23T05:54:49Z" finished-at="2018-11-23T05:54:49Z">
          <reporter-output>
          </reporter-output>
        </test-method> <!-- bmethod -->
        <test-method status="PASS" signature="testcase123(java.lang.String, java.lang.String, java.lang.String)[pri:0, instance:com.testCases.Test123@4501b7af]" name="testcase123" duration-ms="4873" started-at="2018-11-23T05:54:49Z" data-provider="getdata" finished-at="2018-11-23T05:54:54Z">
          <params>
            <param index="0">
              <value>
                <![CDATA[CustomerA]]>
              </value>
            </param>
            <param index="1">
              <value>
                <![CDATA[DescriptionA]]>
              </value>
            </param>
            <param index="2">
              <value>
                <![CDATA[cradio1]]>
              </value>
            </param>
          </params>
          <reporter-output>
          </reporter-output>
        </test-method> <!-- testcase123 -->
        <test-method status="PASS" signature="bmethod()[pri:0, instance:com.testCases.Test123@4501b7af]" name="bmethod" is-config="true" duration-ms="0" started-at="2018-11-23T05:54:54Z" finished-at="2018-11-23T05:54:54Z">
          <reporter-output>
          </reporter-output>
        </test-method> <!-- bmethod -->
        <test-method status="PASS" signature="testcase123(java.lang.String, java.lang.String, java.lang.String)[pri:0, instance:com.testCases.Test123@4501b7af]" name="testcase123" duration-ms="3531" started-at="2018-11-23T05:54:54Z" data-provider="getdata" finished-at="2018-11-23T05:54:57Z">
          <params>
            <param index="0">
              <value>
                <![CDATA[CustomerB]]>
              </value>
            </param>
            <param index="1">
              <value>
                <![CDATA[DescriptionB]]>
              </value>
            </param>
            <param index="2">
              <value>
                <![CDATA[cradio2]]>
              </value>
            </param>
          </params>
          <reporter-output>
          </reporter-output>
        </test-method> <!-- testcase123 -->
        <test-method status="PASS" signature="testcase123(java.lang.String, java.lang.String, java.lang.String)[pri:0, instance:com.testCases.Test123@4501b7af]" name="testcase123" duration-ms="3658" started-at="2018-11-23T05:54:57Z" data-provider="getdata" finished-at="2018-11-23T05:55:01Z">
          <params>
            <param index="0">
              <value>
                <![CDATA[CustomerC]]>
              </value>
            </param>
            <param index="1">
              <value>
                <![CDATA[DescriptionC]]>
              </value>
            </param>
            <param index="2">
              <value>
                <![CDATA[cradio3]]>
              </value>
            </param>
          </params>
          <reporter-output>
          </reporter-output>
        </test-method> <!-- testcase123 -->
        <test-method status="PASS" signature="bmethod()[pri:0, instance:com.testCases.Test123@4501b7af]" name="bmethod" is-config="true" duration-ms="0" started-at="2018-11-23T05:54:57Z" finished-at="2018-11-23T05:54:57Z">
          <reporter-output>
          </reporter-output>
        </test-method> <!-- bmethod -->
      </class> <!-- com.testCases.Test123 -->
    </test> <!-- Test -->
  </suite> <!-- Suite -->
</testng-results>
